Flutter crash report; please file at https://github.com/flutter/flutter/issues.

## command

flutter run

## exception

StateError: Bad state: Cannot add new events after calling close

```
#0      _BroadcastStreamController.add (dart:async/broadcast_stream_controller.dart:249:24)
#1      _AdbLogReader._onLine (package:flutter_tools/src/android/android_device.dart:922:26)
#2      _rootRunUnary (dart:async/zone.dart:1132:38)
#3      _CustomZone.runUnary (dart:async/zone.dart:1029:19)
#4      _CustomZone.runUnaryGuarded (dart:async/zone.dart:931:7)
#5      _BufferingStreamSubscription._sendData (dart:async/stream_impl.dart:336:11)
#6      _BufferingStreamSubscription._add (dart:async/stream_impl.dart:263:7)
#7      _SinkTransformerStreamSubscription._add (dart:async/stream_transformers.dart:68:11)
#8      _EventSinkWrapper.add (dart:async/stream_transformers.dart:15:11)
#9      _StringAdapterSink.add (dart:convert/string_conversion.dart:236:11)
#10     _LineSplitterSink.close (dart:convert/line_splitter.dart:131:13)
#11     _SinkTransformerStreamSubscription._handleDone (dart:async/stream_transformers.dart:141:24)
#12     _rootRun (dart:async/zone.dart:1120:38)
#13     _CustomZone.run (dart:async/zone.dart:1021:19)
#14     _CustomZone.runGuarded (dart:async/zone.dart:923:7)
#15     _BufferingStreamSubscription._sendDone.sendDone (dart:async/stream_impl.dart:389:13)
#16     _BufferingStreamSubscription._sendDone (dart:async/stream_impl.dart:399:15)
#17     _BufferingStreamSubscription._close (dart:async/stream_impl.dart:283:7)
#18     _SinkTransformerStreamSubscription._close (dart:async/stream_transformers.dart:96:11)
#19     _EventSinkWrapper.close (dart:async/stream_transformers.dart:23:11)
#20     _StringAdapterSink.close (dart:convert/string_conversion.dart:249:11)
#21     _Utf8ConversionSink.close (dart:convert/string_conversion.dart:300:20)
#22     _ConverterStreamEventSink.close (dart:convert/chunked_conversion.dart:80:18)
#23     _SinkTransformerStreamSubscription._handleDone (dart:async/stream_transformers.dart:141:24)
#24     _rootRun (dart:async/zone.dart:1120:38)
#25     _CustomZone.run (dart:async/zone.dart:1021:19)
#26     _CustomZone.runGuarded (dart:async/zone.dart:923:7)
#27     _BufferingStreamSubscription._sendDone.sendDone (dart:async/stream_impl.dart:389:13)
#28     _BufferingStreamSubscription._sendDone (dart:async/stream_impl.dart:399:15)
#29     _BufferingStreamSubscription._close (dart:async/stream_impl.dart:283:7)
#30     _SyncStreamControllerDispatch._sendDone (dart:async/stream_controller.dart:772:19)
#31     _StreamController._closeUnchecked (dart:async/stream_controller.dart:629:7)
#32     _StreamController.close (dart:async/stream_controller.dart:622:5)
#33     _Socket._onData (dart:io-patch/socket_patch.dart:1798:21)
#34     _rootRunUnary (dart:async/zone.dart:1136:13)
#35     _CustomZone.runUnary (dart:async/zone.dart:1029:19)
#36     _CustomZone.runUnaryGuarded (dart:async/zone.dart:931:7)
#37     _BufferingStreamSubscription._sendData (dart:async/stream_impl.dart:336:11)
#38     _BufferingStreamSubscription._add (dart:async/stream_impl.dart:263:7)
#39     _SyncStreamControllerDispatch._sendData (dart:async/stream_controller.dart:764:19)
#40     _StreamController._add (dart:async/stream_controller.dart:640:7)
#41     _StreamController.add (dart:async/stream_controller.dart:586:5)
#42     new _RawSocket.<anonymous closure> (dart:io-patch/socket_patch.dart:1346:35)
#43     _NativeSocket.issueReadEvent.issue (dart:io-patch/socket_patch.dart:853:18)
#44     _microtaskLoop (dart:async/schedule_microtask.dart:41:21)
#45     _startMicrotaskLoop (dart:async/schedule_microtask.dart:50:5)
#46     _runPendingImmediateCallback (dart:isolate-patch/isolate_patch.dart:116:13)
#47     _RawReceivePortImpl._handleMessage (dart:isolate-patch/isolate_patch.dart:173:5)
```

## flutter doctor

```
[32m[✓][39m Flutter (Channel stable, v1.9.1+hotfix.4, on Microsoft Windows [Version 10.0.18362.418], locale en-US)
    [32m•[39m Flutter version 1.9.1+hotfix.4 at C:\src\flutter
    [32m•[39m Framework revision cc949a8e8b (2 weeks ago), 2019-09-27 15:04:59 -0700
    [32m•[39m Engine revision b863200c37
    [32m•[39m Dart version 2.5.0

[33m[!][39m Android toolchain - develop for Android devices (Android SDK version 29.0.2)
    [32m•[39m Android SDK at C:\Users\Clode\AppData\Local\Android\sdk
    [32m•[39m Android NDK location not configured (optional; useful for native profiling support)
    [32m•[39m Platform android-29, build-tools 29.0.2
    [32m•[39m Java binary at: C:\Program Files\Java\jdk-13\bin\java
    [32m•[39m Java version Java(TM) SE Runtime Environment (build 13+33)
    [31m✗[39m Android license status unknown.
      Try re-installing or updating your Android SDK Manager.
      See https://developer.android.com/studio/#downloads or visit https://flutter.dev/setup/#android-setup for detailed instructions.

[33m[!][39m Android Studio (not installed)
    [32m•[39m Android Studio not found; download from https://developer.android.com/studio/index.html
      (or visit https://flutter.dev/setup/#android-setup for detailed instructions).

[32m[✓][39m VS Code (version 1.39.1)
    [32m•[39m VS Code at C:\Users\Clode\AppData\Local\Programs\Microsoft VS Code
    [32m•[39m Flutter extension version 3.5.1

[32m[✓][39m Connected device (1 available)
    [32m•[39m ONEPLUS A3010 • emulator-5554 • android-x86 • Android 7.1.1 (API 25)

[33m![39m Doctor found issues in 2 categories.
```
